<?xml version="1.0" encoding="UTF-8"?>
<!-- Generated by org.testng.reporters.JUnitXMLReporter -->
<testsuite ignored="1" hostname="LAPTOP-ATNFO35U" failures="0" tests="1" name="Default test" time="25.72" errors="0" timestamp="04 Apr 2023 06:20:15 GMT">
  <testcase classname="com.qa.bw.pagetest.BestSellerPageTest" name="buyBookTest" time="9.923"/>
  <testcase classname="com.qa.bw.pagetest.BestSellerPageTest" name="bestSellerLogoTest" time="0.0">
    <ignored/>
  </testcase> <!-- bestSellerLogoTest -->
</testsuite> <!-- Default test -->
