<?xml version="1.0" encoding="UTF-8"?>
<!-- Generated by org.testng.reporters.JUnitXMLReporter -->
<testsuite ignored="0" hostname="LAPTOP-ATNFO35U" failures="0" tests="9" name="Test" time="169.877" errors="0" timestamp="04 Apr 2023 06:50:30 GMT">
  <testcase classname="com.qa.bw.pagetest.LoginPageTest" name="loginPageTitleTest" time="0.374"/>
  <testcase classname="com.qa.bw.pagetest.SearchPageTest" name="searchBookTest" time="9.657"/>
  <testcase classname="com.qa.bw.pagetest.SignUpPageTest" name="SignUpTest" time="13.677"/>
  <testcase classname="com.qa.bw.pagetest.BestSellerPageTest" name="bestSellerLogoTest" time="1.203"/>
  <testcase classname="com.qa.bw.pagetest.MyAccountPageTest" name="myAccountTitleTest" time="0.009"/>
  <testcase classname="com.qa.bw.pagetest.LoginPageTest" name="LoginTest" time="3.621"/>
  <testcase classname="com.qa.bw.pagetest.BestSellerPageTest" name="buyBookTest" time="11.248"/>
  <testcase classname="com.qa.bw.pagetest.MyAccountPageTest" name="myAccountLogoTest" time="0.137"/>
  <testcase classname="com.qa.bw.pagetest.MyAccountPageTest" name="addAddress_MyAccount_Test" time="3.446"/>
</testsuite> <!-- Test -->
